<?xml version="1.0" encoding="UTF-8"?>
<robot generator="Robot 6.1.1 (Python 3.10.12 on linux)" generated="20241113 11:13:44.157" rpa="false" schemaversion="4">
<suite id="s1" name="Tests" source="/home/jkuusto/repos/ohtu-s24-palautukset/viikko3/web-login/src/tests">
<suite id="s1-s1" name="Home" source="/home/jkuusto/repos/ohtu-s24-palautukset/viikko3/web-login/src/tests/home.robot">
<kw name="Open And Configure Browser" library="resource" type="SETUP">
<if>
<branch type="IF" condition="$BROWSER == 'chrome'">
<kw name="Evaluate" library="BuiltIn">
<var>${options}</var>
<arg>sys.modules['selenium.webdriver'].ChromeOptions()</arg>
<arg>sys</arg>
<doc>Evaluates the given expression in Python and returns the result.</doc>
<msg timestamp="20241113 11:13:44.336" level="INFO">${options} = &lt;selenium.webdriver.chrome.options.Options object at 0x7f1adf25add0&gt;</msg>
<status status="PASS" starttime="20241113 11:13:44.336" endtime="20241113 11:13:44.336"/>
</kw>
<status status="PASS" starttime="20241113 11:13:44.329" endtime="20241113 11:13:44.336"/>
</branch>
<branch type="ELSE IF" condition="$BROWSER == 'firefox'">
<kw name="Evaluate" library="BuiltIn">
<var>${options}</var>
<arg>sys.modules['selenium.webdriver'].FirefoxOptions()</arg>
<arg>sys</arg>
<doc>Evaluates the given expression in Python and returns the result.</doc>
<status status="NOT RUN" starttime="20241113 11:13:44.336" endtime="20241113 11:13:44.337"/>
</kw>
<status status="NOT RUN" starttime="20241113 11:13:44.336" endtime="20241113 11:13:44.337"/>
</branch>
<status status="PASS" starttime="20241113 11:13:44.329" endtime="20241113 11:13:44.337"/>
</if>
<if>
<branch type="IF" condition="$HEADLESS == 'true'">
<kw name="Set Selenium Speed" library="SeleniumLibrary">
<arg>0</arg>
<doc>Sets the delay that is waited after each Selenium command.</doc>
<status status="NOT RUN" starttime="20241113 11:13:44.337" endtime="20241113 11:13:44.337"/>
</kw>
<kw name="Call Method" library="BuiltIn">
<arg>${options}</arg>
<arg>add_argument</arg>
<arg>--headless</arg>
<doc>Calls the named method of the given object with the provided arguments.</doc>
<status status="NOT RUN" starttime="20241113 11:13:44.337" endtime="20241113 11:13:44.337"/>
</kw>
<status status="NOT RUN" starttime="20241113 11:13:44.337" endtime="20241113 11:13:44.337"/>
</branch>
<branch type="ELSE">
<kw name="Set Selenium Speed" library="SeleniumLibrary">
<arg>${DELAY}</arg>
<doc>Sets the delay that is waited after each Selenium command.</doc>
<status status="PASS" starttime="20241113 11:13:44.337" endtime="20241113 11:13:44.337"/>
</kw>
<status status="PASS" starttime="20241113 11:13:44.337" endtime="20241113 11:13:44.337"/>
</branch>
<status status="PASS" starttime="20241113 11:13:44.337" endtime="20241113 11:13:44.337"/>
</if>
<kw name="Open Browser" library="SeleniumLibrary">
<arg>browser=${BROWSER}</arg>
<arg>options=${options}</arg>
<doc>Opens a new browser instance to the optional ``url``.</doc>
<msg timestamp="20241113 11:13:44.337" level="INFO">Opening browser 'chrome' to base url 'None'.</msg>
<status status="PASS" starttime="20241113 11:13:44.337" endtime="20241113 11:13:45.439"/>
</kw>
<status status="PASS" starttime="20241113 11:13:44.328" endtime="20241113 11:13:45.439"/>
</kw>
<test id="s1-s1-t1" name="Click Login Link" line="8">
<kw name="Reset Application And Go To Starting Page" type="SETUP">
<kw name="Reset Application" library="AppLibrary">
<status status="PASS" starttime="20241113 11:13:45.440" endtime="20241113 11:13:45.443"/>
</kw>
<kw name="Go To Starting Page" library="resource">
<kw name="Go To" library="SeleniumLibrary">
<arg>${HOME_URL}</arg>
<doc>Navigates the current browser window to the provided ``url``.</doc>
<msg timestamp="20241113 11:13:45.444" level="INFO">Opening url 'http://localhost:5001'</msg>
<status status="PASS" starttime="20241113 11:13:45.444" endtime="20241113 11:13:46.093"/>
</kw>
<status status="PASS" starttime="20241113 11:13:45.443" endtime="20241113 11:13:46.093"/>
</kw>
<status status="PASS" starttime="20241113 11:13:45.440" endtime="20241113 11:13:46.093"/>
</kw>
<kw name="Click Link" library="SeleniumLibrary">
<arg>Login</arg>
<doc>Clicks a link identified by ``locator``.</doc>
<msg timestamp="20241113 11:13:46.093" level="INFO">Clicking link 'Login'.</msg>
<status status="PASS" starttime="20241113 11:13:46.093" endtime="20241113 11:13:47.698"/>
</kw>
<kw name="Login Page Should Be Open" library="resource">
<kw name="Title Should Be" library="SeleniumLibrary">
<arg>Login</arg>
<doc>Verifies that the current page title equals ``title``.</doc>
<msg timestamp="20241113 11:13:48.216" level="INFO">Page title is 'Login'.</msg>
<status status="PASS" starttime="20241113 11:13:47.699" endtime="20241113 11:13:48.216"/>
</kw>
<status status="PASS" starttime="20241113 11:13:47.698" endtime="20241113 11:13:48.216"/>
</kw>
<status status="PASS" starttime="20241113 11:13:45.439" endtime="20241113 11:13:48.216"/>
</test>
<test id="s1-s1-t2" name="Click Register Link" line="12">
<kw name="Reset Application And Go To Starting Page" type="SETUP">
<kw name="Reset Application" library="AppLibrary">
<status status="PASS" starttime="20241113 11:13:48.217" endtime="20241113 11:13:48.219"/>
</kw>
<kw name="Go To Starting Page" library="resource">
<kw name="Go To" library="SeleniumLibrary">
<arg>${HOME_URL}</arg>
<doc>Navigates the current browser window to the provided ``url``.</doc>
<msg timestamp="20241113 11:13:48.220" level="INFO">Opening url 'http://localhost:5001'</msg>
<status status="PASS" starttime="20241113 11:13:48.220" endtime="20241113 11:13:48.738"/>
</kw>
<status status="PASS" starttime="20241113 11:13:48.219" endtime="20241113 11:13:48.738"/>
</kw>
<status status="PASS" starttime="20241113 11:13:48.216" endtime="20241113 11:13:48.739"/>
</kw>
<kw name="Click Link" library="SeleniumLibrary">
<arg>Register new user</arg>
<doc>Clicks a link identified by ``locator``.</doc>
<msg timestamp="20241113 11:13:48.741" level="INFO">Clicking link 'Register new user'.</msg>
<status status="PASS" starttime="20241113 11:13:48.739" endtime="20241113 11:13:50.338"/>
</kw>
<kw name="Register Page Should Be Open" library="resource">
<kw name="Title Should Be" library="SeleniumLibrary">
<arg>Register</arg>
<doc>Verifies that the current page title equals ``title``.</doc>
<msg timestamp="20241113 11:13:50.854" level="INFO">Page title is 'Register'.</msg>
<status status="PASS" starttime="20241113 11:13:50.340" endtime="20241113 11:13:50.854"/>
</kw>
<status status="PASS" starttime="20241113 11:13:50.339" endtime="20241113 11:13:50.855"/>
</kw>
<status status="PASS" starttime="20241113 11:13:48.216" endtime="20241113 11:13:50.855"/>
</test>
<kw name="Close Browser" library="SeleniumLibrary" type="TEARDOWN">
<doc>Closes the current browser.</doc>
<status status="PASS" starttime="20241113 11:13:50.855" endtime="20241113 11:13:51.465"/>
</kw>
<status status="PASS" starttime="20241113 11:13:44.167" endtime="20241113 11:13:51.465"/>
</suite>
<suite id="s1-s2" name="Login" source="/home/jkuusto/repos/ohtu-s24-palautukset/viikko3/web-login/src/tests/login.robot">
<kw name="Open And Configure Browser" library="resource" type="SETUP">
<if>
<branch type="IF" condition="$BROWSER == 'chrome'">
<kw name="Evaluate" library="BuiltIn">
<var>${options}</var>
<arg>sys.modules['selenium.webdriver'].ChromeOptions()</arg>
<arg>sys</arg>
<doc>Evaluates the given expression in Python and returns the result.</doc>
<msg timestamp="20241113 11:13:51.471" level="INFO">${options} = &lt;selenium.webdriver.chrome.options.Options object at 0x7f1adf121750&gt;</msg>
<status status="PASS" starttime="20241113 11:13:51.471" endtime="20241113 11:13:51.471"/>
</kw>
<status status="PASS" starttime="20241113 11:13:51.470" endtime="20241113 11:13:51.471"/>
</branch>
<branch type="ELSE IF" condition="$BROWSER == 'firefox'">
<kw name="Evaluate" library="BuiltIn">
<var>${options}</var>
<arg>sys.modules['selenium.webdriver'].FirefoxOptions()</arg>
<arg>sys</arg>
<doc>Evaluates the given expression in Python and returns the result.</doc>
<status status="NOT RUN" starttime="20241113 11:13:51.471" endtime="20241113 11:13:51.471"/>
</kw>
<status status="NOT RUN" starttime="20241113 11:13:51.471" endtime="20241113 11:13:51.471"/>
</branch>
<status status="PASS" starttime="20241113 11:13:51.470" endtime="20241113 11:13:51.471"/>
</if>
<if>
<branch type="IF" condition="$HEADLESS == 'true'">
<kw name="Set Selenium Speed" library="SeleniumLibrary">
<arg>0</arg>
<doc>Sets the delay that is waited after each Selenium command.</doc>
<status status="NOT RUN" starttime="20241113 11:13:51.471" endtime="20241113 11:13:51.471"/>
</kw>
<kw name="Call Method" library="BuiltIn">
<arg>${options}</arg>
<arg>add_argument</arg>
<arg>--headless</arg>
<doc>Calls the named method of the given object with the provided arguments.</doc>
<status status="NOT RUN" starttime="20241113 11:13:51.471" endtime="20241113 11:13:51.471"/>
</kw>
<status status="NOT RUN" starttime="20241113 11:13:51.471" endtime="20241113 11:13:51.471"/>
</branch>
<branch type="ELSE">
<kw name="Set Selenium Speed" library="SeleniumLibrary">
<arg>${DELAY}</arg>
<doc>Sets the delay that is waited after each Selenium command.</doc>
<status status="PASS" starttime="20241113 11:13:51.471" endtime="20241113 11:13:51.472"/>
</kw>
<status status="PASS" starttime="20241113 11:13:51.471" endtime="20241113 11:13:51.472"/>
</branch>
<status status="PASS" starttime="20241113 11:13:51.471" endtime="20241113 11:13:51.472"/>
</if>
<kw name="Open Browser" library="SeleniumLibrary">
<arg>browser=${BROWSER}</arg>
<arg>options=${options}</arg>
<doc>Opens a new browser instance to the optional ``url``.</doc>
<msg timestamp="20241113 11:13:51.472" level="INFO">Opening browser 'chrome' to base url 'None'.</msg>
<status status="PASS" starttime="20241113 11:13:51.472" endtime="20241113 11:13:51.778"/>
</kw>
<status status="PASS" starttime="20241113 11:13:51.470" endtime="20241113 11:13:51.778"/>
</kw>
<test id="s1-s2-t1" name="Login With Correct Credentials" line="8">
<kw name="Reset Application Create User And Go To Login Page" type="SETUP">
<kw name="Reset Application" library="AppLibrary">
<status status="PASS" starttime="20241113 11:13:51.779" endtime="20241113 11:13:51.781"/>
</kw>
<kw name="Create User" library="AppLibrary">
<arg>kalle</arg>
<arg>kalle123</arg>
<status status="PASS" starttime="20241113 11:13:51.781" endtime="20241113 11:13:51.787"/>
</kw>
<kw name="Go To Login Page" library="resource">
<kw name="Go To" library="SeleniumLibrary">
<arg>${LOGIN_URL}</arg>
<doc>Navigates the current browser window to the provided ``url``.</doc>
<msg timestamp="20241113 11:13:51.788" level="INFO">Opening url 'http://localhost:5001/login'</msg>
<status status="PASS" starttime="20241113 11:13:51.788" endtime="20241113 11:13:52.325"/>
</kw>
<status status="PASS" starttime="20241113 11:13:51.788" endtime="20241113 11:13:52.325"/>
</kw>
<status status="PASS" starttime="20241113 11:13:51.779" endtime="20241113 11:13:52.325"/>
</kw>
<kw name="Set Username">
<arg>kalle</arg>
<kw name="Input Text" library="SeleniumLibrary">
<arg>username</arg>
<arg>${username}</arg>
<doc>Types the given ``text`` into the text field identified by ``locator``.</doc>
<msg timestamp="20241113 11:13:52.327" level="INFO">Typing text 'kalle' into text field 'username'.</msg>
<status status="PASS" starttime="20241113 11:13:52.326" endtime="20241113 11:13:53.927"/>
</kw>
<status status="PASS" starttime="20241113 11:13:52.326" endtime="20241113 11:13:53.928"/>
</kw>
<kw name="Set Password">
<arg>kalle123</arg>
<kw name="Input Password" library="SeleniumLibrary">
<arg>password</arg>
<arg>${password}</arg>
<doc>Types the given password into the text field identified by ``locator``.</doc>
<msg timestamp="20241113 11:13:53.930" level="INFO">Typing password into text field 'password'.</msg>
<msg timestamp="20241113 11:13:54.971" level="INFO">Temporally setting log level to: NONE</msg>
<msg timestamp="20241113 11:13:55.523" level="INFO">Log level changed from NONE to INFO.</msg>
<status status="PASS" starttime="20241113 11:13:53.929" endtime="20241113 11:13:55.523"/>
</kw>
<status status="PASS" starttime="20241113 11:13:53.928" endtime="20241113 11:13:55.523"/>
</kw>
<kw name="Submit Credentials">
<kw name="Click Button" library="SeleniumLibrary">
<arg>Login</arg>
<doc>Clicks the button identified by ``locator``.</doc>
<msg timestamp="20241113 11:13:55.525" level="INFO">Clicking button 'Login'.</msg>
<status status="PASS" starttime="20241113 11:13:55.524" endtime="20241113 11:13:57.630"/>
</kw>
<status status="PASS" starttime="20241113 11:13:55.524" endtime="20241113 11:13:57.630"/>
</kw>
<kw name="Login Should Succeed">
<kw name="Main Page Should Be Open" library="resource">
<kw name="Title Should Be" library="SeleniumLibrary">
<arg>Ohtu Application main page</arg>
<doc>Verifies that the current page title equals ``title``.</doc>
<msg timestamp="20241113 11:13:58.146" level="INFO">Page title is 'Ohtu Application main page'.</msg>
<status status="PASS" starttime="20241113 11:13:57.632" endtime="20241113 11:13:58.146"/>
</kw>
<status status="PASS" starttime="20241113 11:13:57.632" endtime="20241113 11:13:58.147"/>
</kw>
<status status="PASS" starttime="20241113 11:13:57.631" endtime="20241113 11:13:58.147"/>
</kw>
<status status="PASS" starttime="20241113 11:13:51.779" endtime="20241113 11:13:58.147"/>
</test>
<test id="s1-s2-t2" name="Login With Incorrect Password" line="14">
<kw name="Reset Application Create User And Go To Login Page" type="SETUP">
<kw name="Reset Application" library="AppLibrary">
<status status="PASS" starttime="20241113 11:13:58.151" endtime="20241113 11:13:58.156"/>
</kw>
<kw name="Create User" library="AppLibrary">
<arg>kalle</arg>
<arg>kalle123</arg>
<status status="PASS" starttime="20241113 11:13:58.156" endtime="20241113 11:13:58.163"/>
</kw>
<kw name="Go To Login Page" library="resource">
<kw name="Go To" library="SeleniumLibrary">
<arg>${LOGIN_URL}</arg>
<doc>Navigates the current browser window to the provided ``url``.</doc>
<msg timestamp="20241113 11:13:58.163" level="INFO">Opening url 'http://localhost:5001/login'</msg>
<status status="PASS" starttime="20241113 11:13:58.163" endtime="20241113 11:13:58.682"/>
</kw>
<status status="PASS" starttime="20241113 11:13:58.163" endtime="20241113 11:13:58.682"/>
</kw>
<status status="PASS" starttime="20241113 11:13:58.150" endtime="20241113 11:13:58.682"/>
</kw>
<kw name="Set Username">
<arg>kalle</arg>
<kw name="Input Text" library="SeleniumLibrary">
<arg>username</arg>
<arg>${username}</arg>
<doc>Types the given ``text`` into the text field identified by ``locator``.</doc>
<msg timestamp="20241113 11:13:58.682" level="INFO">Typing text 'kalle' into text field 'username'.</msg>
<status status="PASS" starttime="20241113 11:13:58.682" endtime="20241113 11:14:00.270"/>
</kw>
<status status="PASS" starttime="20241113 11:13:58.682" endtime="20241113 11:14:00.270"/>
</kw>
<kw name="Set Password">
<arg>kalle456</arg>
<kw name="Input Password" library="SeleniumLibrary">
<arg>password</arg>
<arg>${password}</arg>
<doc>Types the given password into the text field identified by ``locator``.</doc>
<msg timestamp="20241113 11:14:00.273" level="INFO">Typing password into text field 'password'.</msg>
<msg timestamp="20241113 11:14:01.323" level="INFO">Temporally setting log level to: NONE</msg>
<msg timestamp="20241113 11:14:01.873" level="INFO">Log level changed from NONE to INFO.</msg>
<status status="PASS" starttime="20241113 11:14:00.271" endtime="20241113 11:14:01.873"/>
</kw>
<status status="PASS" starttime="20241113 11:14:00.270" endtime="20241113 11:14:01.873"/>
</kw>
<kw name="Submit Credentials">
<kw name="Click Button" library="SeleniumLibrary">
<arg>Login</arg>
<doc>Clicks the button identified by ``locator``.</doc>
<msg timestamp="20241113 11:14:01.874" level="INFO">Clicking button 'Login'.</msg>
<status status="PASS" starttime="20241113 11:14:01.874" endtime="20241113 11:14:03.938"/>
</kw>
<status status="PASS" starttime="20241113 11:14:01.874" endtime="20241113 11:14:03.938"/>
</kw>
<kw name="Login Should Fail With Message">
<arg>Invalid username or password</arg>
<kw name="Login Page Should Be Open" library="resource">
<kw name="Title Should Be" library="SeleniumLibrary">
<arg>Login</arg>
<doc>Verifies that the current page title equals ``title``.</doc>
<msg timestamp="20241113 11:14:04.451" level="INFO">Page title is 'Login'.</msg>
<status status="PASS" starttime="20241113 11:14:03.938" endtime="20241113 11:14:04.452"/>
</kw>
<status status="PASS" starttime="20241113 11:14:03.938" endtime="20241113 11:14:04.452"/>
</kw>
<kw name="Page Should Contain" library="SeleniumLibrary">
<arg>${message}</arg>
<doc>Verifies that current page contains ``text``.</doc>
<msg timestamp="20241113 11:14:05.466" level="INFO">Current page contains text 'Invalid username or password'.</msg>
<status status="PASS" starttime="20241113 11:14:04.452" endtime="20241113 11:14:05.466"/>
</kw>
<status status="PASS" starttime="20241113 11:14:03.938" endtime="20241113 11:14:05.466"/>
</kw>
<status status="PASS" starttime="20241113 11:13:58.148" endtime="20241113 11:14:05.467"/>
</test>
<kw name="Close Browser" library="SeleniumLibrary" type="TEARDOWN">
<doc>Closes the current browser.</doc>
<status status="PASS" starttime="20241113 11:14:05.469" endtime="20241113 11:14:06.027"/>
</kw>
<status status="PASS" starttime="20241113 11:13:51.466" endtime="20241113 11:14:06.027"/>
</suite>
<status status="PASS" starttime="20241113 11:13:44.158" endtime="20241113 11:14:06.028"/>
</suite>
<statistics>
<total>
<stat pass="4" fail="0" skip="0">All Tests</stat>
</total>
<tag>
</tag>
<suite>
<stat pass="4" fail="0" skip="0" id="s1" name="Tests">Tests</stat>
<stat pass="2" fail="0" skip="0" id="s1-s1" name="Home">Tests.Home</stat>
<stat pass="2" fail="0" skip="0" id="s1-s2" name="Login">Tests.Login</stat>
</suite>
</statistics>
<errors>
</errors>
</robot>
